2017-11-03 00:04:16  updated ssh keys
2017-11-03 00:06:07  updated ssh keys
2017-11-03 00:06:33  updated ssh keys
2017-11-03 00:06:55  updated ssh keys
2017-11-03 00:07:54  updated local user data
2017-11-03 00:07:56  updated local user data
2017-11-03 00:11:29  updated local user data
2017-11-03 00:11:30  updated local user data
2017-11-03 00:11:35  updated ssh keys
2017-11-12 23:59:00Array
2017-11-12 23:59:00 Fail add key /home/developer/www/codedeploy/public_html/wp-content/plugins/wp-code-deploy/keys/id_rsa
2017-11-13 00:03:36 Key /home/developer/www/codedeploy/public_html/wp-content/plugins/wp-code-deploy/keys/id_rsa successful added
2017-11-13 00:04:38 Key /home/developer/www/codedeploy/public_html/wp-content/plugins/wp-code-deploy/keys/id_rsa successful added
2017-11-13 00:06:03Array
2017-11-13 00:06:03 Fail add key /home/developer/www/codedeploy/public_html/wp-content/plugins/wp-code-deploy/keys/id_rsa
2017-11-13 00:25:07  updated ssh keys
2017-11-19 21:31:55  invalid user email. Update failed.
2017-11-19 21:31:55  updated local user data
2017-11-19 21:33:10  updated local user data
2017-11-19 21:34:37  updated local user data
2017-11-19 21:35:11  updated local user data
2017-11-19 21:35:16  updated local user data
2017-11-19 21:41:11  updated local user data
2017-11-19 22:18:27  updated local user data
2017-11-19 22:23:05  updated local user data
2017-11-19 23:10:42  updated https user creds
2017-11-19 23:10:51  updated https user creds
2017-11-19 23:11:43  updated https user creds
2017-11-19 23:12:04  updated https user creds
2017-11-19 23:12:24  updated https user creds
2017-11-19 23:12:42  updated https user creds
2017-11-22 21:40:22  updated local user data
2017-11-22 21:41:09  updated https user creds
2017-11-22 21:59:37  updated https user creds
2017-11-22 21:59:48  updated https user creds
2017-11-22 22:01:18  updated local user data
2017-11-25 10:05:37  updated local user data
2017-11-25 11:34:56  updated local user data
2017-11-25 11:35:11  updated local user data
2017-11-29 22:18:00  updated local user data
2017-11-29 22:24:22  updated https user creds
2017-11-29 22:25:45  updated local user data
2017-11-29 22:30:25  updated https user creds
2017-11-29 22:37:15  updated https user creds
2017-11-29 23:04:47  updated local user data
2017-11-29 23:05:00  updated local user data
2017-11-29 23:08:15  invalid user name. Update failed.
2017-11-29 23:08:15  invalid user email. Update failed.
